# JRE version: OpenJDK Runtime Environment (21.0.6) (build 21.0.6+-13355223-b631.42)
# Java VM: OpenJDK 64-Bit Server VM (21.0.6+-13355223-b631.42, mixed mode, tiered, compressed oops, compressed class ptrs, g1 gc, windows-amd64)
GC Precious Log:
 CardTable entry size: 512
 Card Set container configuration: InlinePtr #cards 5 size 8 Array Of Cards #cards 12 size 40 Howl #buckets 4 coarsen threshold 1843 Howl Bitmap #cards 512 size 80 coarsen threshold 460 Card regions per heap region 1 cards per card region 2048
 CPUs: 4 total, 4 available
 Memory: 8108M
 Large Page Support: Disabled
 NUMA Support: Disabled
 Compressed Oops: Enabled (32-bit)
 Heap Region Size: 1M
 Heap Min Capacity: 8M
 Heap Initial Capacity: 128M
 Heap Max Capacity: 2G
 Pre-touch: Disabled
 Parallel Workers: 4
 Concurrent Workers: 1
 Concurrent Refinement Workers: 4
 Periodic GC: Disabled
Heap:
 garbage-first heap   total 347136K, used 219648K [0x0000000080000000, 0x0000000100000000)
  region size 1024K, 20 young (20480K), 10 survivors (10240K)
 Metaspace       used 141901K, committed 144512K, reserved 1179648K
  class space    used 18830K, committed 20160K, reserved 1048576K
GC Heap History (20 events):
Event: 728.545 GC heap before
{Heap before GC invocations=54 (full 0):
 garbage-first heap   total 272384K, used 246262K [0x0000000080000000, 0x0000000100000000)
  region size 1024K, 116 young (118784K), 8 survivors (8192K)
 Metaspace       used 119230K, committed 121472K, reserved 1179648K
  class space    used 16142K, committed 17280K, reserved 1048576K
}
Event: 728.574 GC heap after
{Heap after GC invocations=55 (full 0):
 garbage-first heap   total 272384K, used 144117K [0x0000000080000000, 0x0000000100000000)
  region size 1024K, 15 young (15360K), 15 survivors (15360K)
 Metaspace       used 119230K, committed 121472K, reserved 1179648K
  class space    used 16142K, committed 17280K, reserved 1048576K
}
Event: 729.363 GC heap before
{Heap before GC invocations=55 (full 0):
 garbage-first heap   total 272384K, used 180981K [0x0000000080000000, 0x0000000100000000)
  region size 1024K, 52 young (53248K), 15 survivors (15360K)
 Metaspace       used 119424K, committed 121664K, reserved 1179648K
  class space    used 16143K, committed 17280K, reserved 1048576K
}
Event: 729.389 GC heap after
{Heap after GC invocations=56 (full 0):
 garbage-first heap   total 272384K, used 148992K [0x0000000080000000, 0x0000000100000000)
  region size 1024K, 4 young (4096K), 4 survivors (4096K)
 Metaspace       used 119424K, committed 121664K, reserved 1179648K
  class space    used 16143K, committed 17280K, reserved 1048576K
}
Event: 799.275 GC heap before
{Heap before GC invocations=57 (full 0):
 garbage-first heap   total 301056K, used 299520K [0x0000000080000000, 0x0000000100000000)
  region size 1024K, 45 young (46080K), 4 survivors (4096K)
 Metaspace       used 121644K, committed 123968K, reserved 1179648K
  class space    used 16412K, committed 17600K, reserved 1048576K
}
Event: 799.291 GC heap after
{Heap after GC invocations=58 (full 0):
 garbage-first heap   total 309248K, used 166220K [0x0000000080000000, 0x0000000100000000)
  region size 1024K, 8 young (8192K), 8 survivors (8192K)
 Metaspace       used 121644K, committed 123968K, reserved 1179648K
  class space    used 16412K, committed 17600K, reserved 1048576K
}
Event: 800.863 GC heap before
{Heap before GC invocations=58 (full 0):
 garbage-first heap   total 309248K, used 292172K [0x0000000080000000, 0x0000000100000000)
  region size 1024K, 118 young (120832K), 8 survivors (8192K)
 Metaspace       used 125169K, committed 127552K, reserved 1179648K
  class space    used 16895K, committed 18112K, reserved 1048576K
}
Event: 800.895 GC heap after
{Heap after GC invocations=59 (full 0):
 garbage-first heap   total 316416K, used 188416K [0x0000000080000000, 0x0000000100000000)
  region size 1024K, 15 young (15360K), 15 survivors (15360K)
 Metaspace       used 125169K, committed 127552K, reserved 1179648K
  class space    used 16895K, committed 18112K, reserved 1048576K
}
Event: 801.056 GC heap before
{Heap before GC invocations=59 (full 0):
 garbage-first heap   total 316416K, used 193536K [0x0000000080000000, 0x0000000100000000)
  region size 1024K, 21 young (21504K), 15 survivors (15360K)
 Metaspace       used 125558K, committed 127936K, reserved 1179648K
  class space    used 16946K, committed 18112K, reserved 1048576K
}
Event: 801.075 GC heap after
{Heap after GC invocations=60 (full 0):
 garbage-first heap   total 316416K, used 191315K [0x0000000080000000, 0x0000000100000000)
  region size 1024K, 2 young (2048K), 2 survivors (2048K)
 Metaspace       used 125558K, committed 127936K, reserved 1179648K
  class space    used 16946K, committed 18112K, reserved 1048576K
}
Event: 802.889 GC heap before
{Heap before GC invocations=61 (full 0):
 garbage-first heap   total 337920K, used 291667K [0x0000000080000000, 0x0000000100000000)
  region size 1024K, 90 young (92160K), 2 survivors (2048K)
 Metaspace       used 129111K, committed 131648K, reserved 1179648K
  class space    used 17402K, committed 18688K, reserved 1048576K
}
Event: 802.900 GC heap after
{Heap after GC invocations=62 (full 0):
 garbage-first heap   total 337920K, used 210944K [0x0000000080000000, 0x0000000100000000)
  region size 1024K, 10 young (10240K), 10 survivors (10240K)
 Metaspace       used 129111K, committed 131648K, reserved 1179648K
  class space    used 17402K, committed 18688K, reserved 1048576K
}
Event: 803.842 GC heap before
{Heap before GC invocations=62 (full 0):
 garbage-first heap   total 337920K, used 303104K [0x0000000080000000, 0x0000000100000000)
  region size 1024K, 100 young (102400K), 10 survivors (10240K)
 Metaspace       used 129111K, committed 131648K, reserved 1179648K
  class space    used 17402K, committed 18688K, reserved 1048576K
}
Event: 803.857 GC heap after
{Heap after GC invocations=63 (full 0):
 garbage-first heap   total 337920K, used 204800K [0x0000000080000000, 0x0000000100000000)
  region size 1024K, 6 young (6144K), 6 survivors (6144K)
 Metaspace       used 129111K, committed 131648K, reserved 1179648K
  class space    used 17402K, committed 18688K, reserved 1048576K
}
Event: 804.887 GC heap before
{Heap before GC invocations=63 (full 0):
 garbage-first heap   total 337920K, used 291840K [0x0000000080000000, 0x0000000100000000)
  region size 1024K, 93 young (95232K), 6 survivors (6144K)
 Metaspace       used 129896K, committed 132416K, reserved 1179648K
  class space    used 17489K, committed 18752K, reserved 1048576K
}
Event: 804.898 GC heap after
{Heap after GC invocations=64 (full 0):
 garbage-first heap   total 337920K, used 208139K [0x0000000080000000, 0x0000000100000000)
  region size 1024K, 10 young (10240K), 10 survivors (10240K)
 Metaspace       used 129896K, committed 132416K, reserved 1179648K
  class space    used 17489K, committed 18752K, reserved 1048576K
}
Event: 807.474 GC heap before
{Heap before GC invocations=65 (full 0):
 garbage-first heap   total 347136K, used 304395K [0x0000000080000000, 0x0000000100000000)
  region size 1024K, 105 young (107520K), 10 survivors (10240K)
 Metaspace       used 136216K, committed 138688K, reserved 1179648K
  class space    used 18173K, committed 19456K, reserved 1048576K
}
Event: 807.499 GC heap after
{Heap after GC invocations=66 (full 0):
 garbage-first heap   total 347136K, used 214133K [0x0000000080000000, 0x0000000100000000)
  region size 1024K, 14 young (14336K), 14 survivors (14336K)
 Metaspace       used 136216K, committed 138688K, reserved 1179648K
  class space    used 18173K, committed 19456K, reserved 1048576K
}
Event: 810.290 GC heap before
{Heap before GC invocations=66 (full 0):
 garbage-first heap   total 347136K, used 312437K [0x0000000080000000, 0x0000000100000000)
  region size 1024K, 111 young (113664K), 14 survivors (14336K)
 Metaspace       used 141791K, committed 144448K, reserved 1179648K
  class space    used 18815K, committed 20160K, reserved 1048576K
}
Event: 810.326 GC heap after
{Heap after GC invocations=67 (full 0):
 garbage-first heap   total 347136K, used 210432K [0x0000000080000000, 0x0000000100000000)
  region size 1024K, 10 young (10240K), 10 survivors (10240K)
 Metaspace       used 141791K, committed 144448K, reserved 1179648K
  class space    used 18815K, committed 20160K, reserved 1048576K
}

